<?xml version="1.0" encoding="UTF-8"?>
<!-- Generated by org.testng.reporters.JUnitReportReporter -->
<testsuite name="seleniumTests.ChromeDriverWindows" tests="1" time="9.476" ignored="0" failures="0" timestamp="28 Feb 2017 06:33:57 GMT" skipped="0" hostname="George-PC" errors="0">
  <testcase name="test" time="9.476" classname="seleniumTests.ChromeDriverWindows"/>
</testsuite> <!-- seleniumTests.ChromeDriverWindows -->
